<?xml version="1.0" encoding="UTF-8"?>
<!-- Generated by org.testng.reporters.JUnitReportReporter -->
<testsuite skipped="0" hostname="SAI-PC" name="Onetest.NewTest" tests="1" failures="0" timestamp="2020-08-19T21:29:27 IST" time="11.510" errors="0">
  <testcase name="f" time="11.510" classname="Onetest.NewTest"/>
  <system-out/>
</testsuite> <!-- Onetest.NewTest -->
